[2023-12-01 12:31:56.600216] Bootstrap log:
which: no python3.10 in (/usr/local/sbin:/usr/local/bin:/usr/bin:/usr/lib/jvm/default/bin:/usr/bin/site_perl:/usr/bin/vendor_perl:/usr/bin/core_perl:/home/kevin/.local/bin)
which: no python3.9 in (/usr/local/sbin:/usr/local/bin:/usr/bin:/usr/lib/jvm/default/bin:/usr/bin/site_perl:/usr/bin/vendor_perl:/usr/bin/core_perl:/home/kevin/.local/bin)
which: no python3.8 in (/usr/local/sbin:/usr/local/bin:/usr/bin:/usr/lib/jvm/default/bin:/usr/bin/site_perl:/usr/bin/vendor_perl:/usr/bin/core_perl:/home/kevin/.local/bin)
which: no python3.7 in (/usr/local/sbin:/usr/local/bin:/usr/bin:/usr/lib/jvm/default/bin:/usr/bin/site_perl:/usr/bin/vendor_perl:/usr/bin/core_perl:/home/kevin/.local/bin)
which: no python3.6 in (/usr/local/sbin:/usr/local/bin:/usr/bin:/usr/lib/jvm/default/bin:/usr/bin/site_perl:/usr/bin/vendor_perl:/usr/bin/core_perl:/home/kevin/.local/bin)
Identified Python 3.11.6 at /usr/bin/python3.11
[Bootstrap] Identified pip 23.3.1 from /usr/lib/python3.11/site-packages/pip (python 3.11)' at /usr/bin/python3.11 -m pip
[Bootstrap] Identified 'pipenv, version 2023.11.15' at /usr/bin/python3.11 -m pipenv
[Bootstrap] Running '/usr/bin/python3.11 -m pipenv install --python 3.11' to ensure the existence of a virtual environment.
[Bootstrap] This may take a moment.
Installing dependencies from Pipfile.lock (df9bb1)...
To activate this project's virtualenv, run pipenv shell.
Alternatively, run a command inside the virtualenv with pipenv run.
[Bootstrap] Running the script in a virtual environment.
/usr/bin/python3.11 -m pipenv run python3 ./main.py

[2023-12-01 12:31:56.600279] === Welcome ===
[2023-12-01 12:31:56.691177] Please review the currently saved information about your team:
[2023-12-01 12:31:56.691422]  1 - First name: Kevin; Last name: Klauser; Matriculation number: 5451582
[2023-12-01 12:31:59.616565] 
[2023-12-01 12:32:01.141837] 
[2023-12-01 12:32:01.141949] === Submitting ===
[2023-12-01 12:32:01.808524] 
[2023-12-01 12:32:02.661170] 
[2023-12-01 12:32:02.661286] Selected variant 'Java SPL Compiler' for assignment 'Aufgabe-1'.
[2023-12-01 12:32:02.723317] === Building submission ===
[2023-12-01 12:32:02.723403] Running 'mvn clean compile'.
[2023-12-01 12:32:02.723429] === Building submission finished ===
[2023-12-01 12:32:07.350535] Building your solution failed!
[2023-12-01 12:32:10.334127] === BEGIN Build Log ===
[2023-12-01 12:32:10.334237] [INFO] Scanning for projects...
[INFO] 
[INFO] --------------< de.thm.mni.compilerbau.spl-reference:spl >--------------
[INFO] Building spl 0.1
[INFO] --------------------------------[ jar ]---------------------------------
[INFO] 
[INFO] --- maven-clean-plugin:2.5:clean (default-clean) @ spl ---
[INFO] Deleting /tmp/tmpobk9pjaw/java/target
[INFO] 
[INFO] --- jflex-maven-plugin:1.7.0:generate (default) @ spl ---
[INFO]   generated /tmp/tmpobk9pjaw/java/target/generated-sources/jflex/de/thm/mni/compilerbau/phases/_01_scanner/Scanner.java
[INFO] 
[INFO] --- cup-maven-plugin:11b-20160615:generate (default) @ spl ---
Warning : *** Shift/Reduce conflict found in state #75
  between ifStatement ::= IF LPAREN comparisonOperation RPAREN procInstruction (*) 
  and     ifStatement ::= IF LPAREN comparisonOperation RPAREN procInstruction (*) ELSE procInstruction 
  under symbol ELSE
  Resolved in favor of shifting.

[INFO]   generated /tmp/tmpobk9pjaw/java/target/generated-sources/cup/de/thm/mni/compilerbau/phases/_02_03_parser/Parser.java
[INFO]   generated /tmp/tmpobk9pjaw/java/target/generated-sources/cup/de/thm/mni/compilerbau/phases/_02_03_parser/Sym.java
[INFO] 
[INFO] --- maven-resources-plugin:2.6:resources (default-resources) @ spl ---
[INFO] Using 'UTF-8' encoding to copy filtered resources.
[INFO] skip non existing resourceDirectory /tmp/tmpobk9pjaw/java/src/main/resources
[INFO] 
[INFO] --- maven-compiler-plugin:3.10.1:compile (default-compile) @ spl ---
[INFO] Changes detected - recompiling the module!
[INFO] Compiling 57 source files to /tmp/tmpobk9pjaw/java/target/classes
[INFO] /tmp/tmpobk9pjaw/java/target/generated-sources/jflex/de/thm/mni/compilerbau/phases/_01_scanner/Scanner.java: /tmp/tmpobk9pjaw/java/target/generated-sources/jflex/de/thm/mni/compilerbau/phases/_01_scanner/Scanner.java uses or overrides a deprecated API that is marked for removal.
[INFO] /tmp/tmpobk9pjaw/java/target/generated-sources/jflex/de/thm/mni/compilerbau/phases/_01_scanner/Scanner.java: Recompile with -Xlint:removal for details.
[INFO] /tmp/tmpobk9pjaw/java/target/generated-sources/cup/de/thm/mni/compilerbau/phases/_02_03_parser/Parser.java: /tmp/tmpobk9pjaw/java/target/generated-sources/cup/de/thm/mni/compilerbau/phases/_02_03_parser/Parser.java uses unchecked or unsafe operations.
[INFO] /tmp/tmpobk9pjaw/java/target/generated-sources/cup/de/thm/mni/compilerbau/phases/_02_03_parser/Parser.java: Recompile with -Xlint:unchecked for details.
[INFO] -------------------------------------------------------------
[ERROR] COMPILATION ERROR : 
[INFO] -------------------------------------------------------------
[ERROR] /tmp/tmpobk9pjaw/java/target/generated-sources/cup/de/thm/mni/compilerbau/phases/_02_03_parser/Parser.java:[1123,27] constructor UnaryExpression in class de.thm.mni.compilerbau.absyn.UnaryExpression cannot be applied to given types;
  required: de.thm.mni.compilerbau.absyn.Position,de.thm.mni.compilerbau.absyn.UnaryExpression.Operator,de.thm.mni.compilerbau.absyn.Expression
  found:    de.thm.mni.compilerbau.absyn.Position,de.thm.mni.compilerbau.absyn.UnaryExpression.Operator,de.thm.mni.compilerbau.absyn.IntLiteral,de.thm.mni.compilerbau.absyn.Expression
  reason: actual and formal argument lists differ in length
[INFO] 1 error
[INFO] -------------------------------------------------------------
[INFO] ------------------------------------------------------------------------
[INFO] BUILD FAILURE
[INFO] ------------------------------------------------------------------------
[INFO] Total time:  3.135 s
[INFO] Finished at: 2023-12-01T12:32:07+01:00
[INFO] ------------------------------------------------------------------------
[ERROR] Failed to execute goal org.apache.maven.plugins:maven-compiler-plugin:3.10.1:compile (default-compile) on project spl: Compilation failure
[ERROR] /tmp/tmpobk9pjaw/java/target/generated-sources/cup/de/thm/mni/compilerbau/phases/_02_03_parser/Parser.java:[1123,27] constructor UnaryExpression in class de.thm.mni.compilerbau.absyn.UnaryExpression cannot be applied to given types;
[ERROR]   required: de.thm.mni.compilerbau.absyn.Position,de.thm.mni.compilerbau.absyn.UnaryExpression.Operator,de.thm.mni.compilerbau.absyn.Expression
[ERROR]   found:    de.thm.mni.compilerbau.absyn.Position,de.thm.mni.compilerbau.absyn.UnaryExpression.Operator,de.thm.mni.compilerbau.absyn.IntLiteral,de.thm.mni.compilerbau.absyn.Expression
[ERROR]   reason: actual and formal argument lists differ in length
[ERROR] 
[ERROR] -> [Help 1]
[ERROR] 
[ERROR] To see the full stack trace of the errors, re-run Maven with the -e switch.
[ERROR] Re-run Maven using the -X switch to enable full debug logging.
[ERROR] 
[ERROR] For more information about the errors and possible solutions, please read the following articles:
[ERROR] [Help 1] http://cwiki.apache.org/confluence/display/MAVEN/MojoFailureException

[2023-12-01 12:32:10.334330] === END Build Log ===
[2023-12-01 12:33:23.415557] Aborting submission.
[2023-12-01 12:33:23.424310] 
[2023-12-01 12:33:25.451521] 
[2023-12-01 12:33:25.451642] === Submitting ===
[2023-12-01 12:33:26.528476] 
[2023-12-01 12:33:27.301798] 
[2023-12-01 12:33:27.301933] Selected variant 'Java SPL Compiler' for assignment 'Aufgabe-1'.
[2023-12-01 12:33:27.352216] === Building submission ===
[2023-12-01 12:33:27.352355] Running 'mvn clean compile'.
[2023-12-01 12:33:27.352417] === Building submission finished ===
[2023-12-01 12:33:31.946649] === Cleaning directory for submission ===
[2023-12-01 12:33:31.952129] === Cleaning directory finished ===
[2023-12-01 12:33:32.014933] === Starting Upload ===
[2023-12-01 12:33:32.207033] === Upload finished ===
[2023-12-01 12:33:32.207085] === BEGIN Upload Log
[2023-12-01 12:33:32.207112] [2023-12-01 12:33:32.315355] Received submission b802dcc1-ee82-4bbd-bcb0-6f6f91a35179
[2023-12-01 12:33:32.316044] Ip: 10.196.109.93
[2023-12-01 12:33:32.316251] Team members: [('Klauser', 'Kevin', '5451582')]
[2023-12-01 12:33:32.323173] Your submission was ACCEPTED for course 'Compilerbau-ss23', assignment 'Aufgabe-1'.
[2023-12-01 12:33:32.323380] Your submission has the id b802dcc1-ee82-4bbd-bcb0-6f6f91a35179.
[2023-12-01 12:33:32.323824] It will be evaluated shortly. Please check back soon for your results.

[2023-12-01 12:33:32.207150] === END Upload Log
[2023-12-01 12:33:32.207170] Successfully submitted your solution. Please see the upload log above for more details.
[2023-12-01 12:33:32.208309] Polling for results (Press CTRL + C to abort).
[2023-12-01 12:33:32.282959] .
[2023-12-01 12:33:33.375835] .
[2023-12-01 12:33:34.460947] .
[2023-12-01 12:33:35.539952] .
[2023-12-01 12:33:36.643011] .
[2023-12-01 12:33:37.726770] .
[2023-12-01 12:33:38.802759] .
[2023-12-01 12:33:39.900732] .
[2023-12-01 12:33:40.978157] .
[2023-12-01 12:33:42.063017] .
[2023-12-01 12:33:43.167925] .
[2023-12-01 12:33:44.264030] .
[2023-12-01 12:33:45.360899] .
[2023-12-01 12:33:46.471086] .
[2023-12-01 12:33:47.563029] .
[2023-12-01 12:33:48.641611] .
[2023-12-01 12:33:49.727033] .
[2023-12-01 12:33:50.849919] .
[2023-12-01 12:33:51.974048] .
[2023-12-01 12:33:53.081410] .
[2023-12-01 12:33:54.167435] .
[2023-12-01 12:33:55.245265] .
[2023-12-01 12:33:56.323267] .
[2023-12-01 12:33:57.411453] .
[2023-12-01 12:33:58.497661] .
[2023-12-01 12:33:59.582344] .
[2023-12-01 12:34:00.664961] .
[2023-12-01 12:34:01.740382] .
[2023-12-01 12:34:02.841983] .
[2023-12-01 12:34:03.918475] .
[2023-12-01 12:34:05.279487] 
=== Evaluation results for submission 'b802dcc1-ee82-4bbd-bcb0-6f6f91a35179' retrieved. ===
[2023-12-01 12:34:05.279567] You achieved the score 28/29 (96%).
[2023-12-01 12:34:05.279636] You have NOT PASSED this assignment.
[2023-12-01 12:34:09.552153] === BEGIN Evaluation Log
[2023-12-01 12:34:09.552326] [2023-12-01 12:33:32.324699] Start of evaluation log for submission 'b802dcc1-ee82-4bbd-bcb0-6f6f91a35179'.
[2023-12-01 12:33:32.324970] Team member: ('Klauser', 'Kevin', '5451582')
[2023-12-01 12:33:32.343051] Preparing the sandbox
[2023-12-01 12:33:33.121144] Unpacking submission in sandbox
[2023-12-01 12:33:33.571760] Building the test subject
[2023-12-01 12:33:33.572051] Identified the Java variant.
[2023-12-01 12:33:33.715239] Building Java solution with maven.
[2023-12-01 12:33:44.235735] Maven log:
[INFO] Scanning for projects...
[INFO] 
[INFO] --------------< de.thm.mni.compilerbau.spl-reference:spl >--------------
[INFO] Building spl 0.1
[INFO] --------------------------------[ jar ]---------------------------------
[INFO] 
[INFO] --- jflex-maven-plugin:1.7.0:generate (default) @ spl ---
[INFO]   generated /home/solution/java/target/generated-sources/jflex/de/thm/mni/compilerbau/phases/_01_scanner/Scanner.java
[INFO] 
[INFO] --- cup-maven-plugin:11b-20160615:generate (default) @ spl ---
Warning : *** Shift/Reduce conflict found in state #75
  between ifStatement ::= IF LPAREN comparisonOperation RPAREN procInstruction (*) 
  and     ifStatement ::= IF LPAREN comparisonOperation RPAREN procInstruction (*) ELSE procInstruction 
  under symbol ELSE
  Resolved in favor of shifting.

[INFO]   generated /home/solution/java/target/generated-sources/cup/de/thm/mni/compilerbau/phases/_02_03_parser/Parser.java
[INFO]   generated /home/solution/java/target/generated-sources/cup/de/thm/mni/compilerbau/phases/_02_03_parser/Sym.java
[INFO] 
[INFO] --- maven-resources-plugin:2.6:resources (default-resources) @ spl ---
[INFO] Using 'UTF-8' encoding to copy filtered resources.
[INFO] skip non existing resourceDirectory /home/solution/java/src/main/resources
[INFO] 
[INFO] --- maven-compiler-plugin:3.10.1:compile (default-compile) @ spl ---
[INFO] Changes detected - recompiling the module!
[INFO] Compiling 57 source files to /home/solution/java/target/classes
[INFO] /home/solution/java/target/generated-sources/jflex/de/thm/mni/compilerbau/phases/_01_scanner/Scanner.java: /home/solution/java/target/generated-sources/jflex/de/thm/mni/compilerbau/phases/_01_scanner/Scanner.java uses or overrides a deprecated API that is marked for removal.
[INFO] /home/solution/java/target/generated-sources/jflex/de/thm/mni/compilerbau/phases/_01_scanner/Scanner.java: Recompile with -Xlint:removal for details.
[INFO] /home/solution/java/target/generated-sources/cup/de/thm/mni/compilerbau/phases/_02_03_parser/Parser.java: /home/solution/java/target/generated-sources/cup/de/thm/mni/compilerbau/phases/_02_03_parser/Parser.java uses unchecked or unsafe operations.
[INFO] /home/solution/java/target/generated-sources/cup/de/thm/mni/compilerbau/phases/_02_03_parser/Parser.java: Recompile with -Xlint:unchecked for details.
[INFO] 
[INFO] --- maven-resources-plugin:2.6:testResources (default-testResources) @ spl ---
[INFO] Using 'UTF-8' encoding to copy filtered resources.
[INFO] skip non existing resourceDirectory /home/solution/java/src/test/resources
[INFO] 
[INFO] --- maven-compiler-plugin:3.10.1:testCompile (default-testCompile) @ spl ---
[INFO] No sources to compile
[INFO] 
[INFO] --- maven-surefire-plugin:2.12.4:test (default-test) @ spl ---
[INFO] No tests to run.
[INFO] 
[INFO] --- maven-jar-plugin:2.4:jar (default-jar) @ spl ---
[INFO] Building jar: /home/solution/java/target/spl.jar
[INFO] 
[INFO] --- maven-shade-plugin:3.1.0:shade (default) @ spl ---
[INFO] Including com.github.vbmacher:java-cup-runtime:jar:11b-20160615 in the shaded jar.
[INFO] Replacing original artifact with shaded artifact.
[INFO] Replacing /home/solution/java/target/spl.jar with /home/solution/java/target/spl-0.1-shaded.jar
[INFO] Dependency-reduced POM written at: /home/solution/java/dependency-reduced-pom.xml
[INFO] ------------------------------------------------------------------------
[INFO] BUILD SUCCESS
[INFO] ------------------------------------------------------------------------
[INFO] Total time:  7.817 s
[INFO] Finished at: 2023-12-01T11:33:44Z
[INFO] ------------------------------------------------------------------------
[2023-12-01 12:33:44.382679] Beginning evaluation.
[2023-12-01 12:33:44.383928] Evaluating acker.spl with the submitted solution.
[2023-12-01 12:33:44.731539] Test subject results match (Success).
[2023-12-01 12:33:44.734791] Outputs match.
[2023-12-01 12:33:44.734822] Test passed.
[2023-12-01 12:33:44.735335] Running Score: 1/1

[2023-12-01 12:33:44.735370] Evaluating assignment_without_semicolon.spl with the submitted solution.
[2023-12-01 12:33:45.061628] Test subject results match (Compiler Failure).
[2023-12-01 12:33:45.061661] Exit code matches the expected exit code (100).
[2023-12-01 12:33:45.061684] Test passed.
[2023-12-01 12:33:45.061699] Running Score: 2/2

[2023-12-01 12:33:45.061722] Evaluating bigtest.spl with the submitted solution.
[2023-12-01 12:33:45.509088] Test subject results match (Success).
[2023-12-01 12:33:45.512026] Outputs differ. 'diff'-log (Expected output first, Limited to 50 lines/10000 characters):
926,928c926,928
<         EmptyStatement(),
<         EmptyStatement(),
<         EmptyStatement()),
---
>         NULL,
>         NULL,
>         NULL),
1185c1185
<           EmptyStatement())),
---
>           NULL)),
[2023-12-01 12:33:45.512349] Test not passed.
[2023-12-01 12:33:45.512372] Running Score: 2/3

[2023-12-01 12:33:45.512396] Evaluating bits.spl with the submitted solution.
[2023-12-01 12:33:45.843349] Test subject results match (Success).
[2023-12-01 12:33:45.845993] Outputs match.
[2023-12-01 12:33:45.846023] Test passed.
[2023-12-01 12:33:45.846039] Running Score: 3/4

[2023-12-01 12:33:45.846064] Evaluating call_without_semicolon.spl with the submitted solution.
[2023-12-01 12:33:46.159114] Test subject results match (Compiler Failure).
[2023-12-01 12:33:46.159149] Exit code matches the expected exit code (100).
[2023-12-01 12:33:46.159173] Test passed.
[2023-12-01 12:33:46.159187] Running Score: 4/5

[2023-12-01 12:33:46.159208] Evaluating gcd.spl with the submitted solution.
[2023-12-01 12:33:46.464087] Test subject results match (Success).
[2023-12-01 12:33:46.466602] Outputs match.
[2023-12-01 12:33:46.466761] Test passed.
[2023-12-01 12:33:46.466791] Running Score: 5/6

[2023-12-01 12:33:46.466816] Evaluating global_variable.spl with the submitted solution.
[2023-12-01 12:33:46.790711] Test subject results match (Compiler Failure).
[2023-12-01 12:33:46.790743] Exit code matches the expected exit code (100).
[2023-12-01 12:33:46.790767] Test passed.
[2023-12-01 12:33:46.790782] Running Score: 6/7

[2023-12-01 12:33:46.790805] Evaluating lambda.spl with the submitted solution.
[2023-12-01 12:33:47.608469] Test subject results match (Success).
[2023-12-01 12:33:47.615599] Outputs match.
[2023-12-01 12:33:47.615633] Test passed.
[2023-12-01 12:33:47.615648] Running Score: 7/8

[2023-12-01 12:33:47.615670] Evaluating multiply.spl with the submitted solution.
[2023-12-01 12:33:47.921127] Test subject results match (Success).
[2023-12-01 12:33:47.923860] Outputs match.
[2023-12-01 12:33:47.923888] Test passed.
[2023-12-01 12:33:47.923902] Running Score: 8/9

[2023-12-01 12:33:47.923923] Evaluating partind1.spl with the submitted solution.
[2023-12-01 12:33:48.262445] Test subject results match (Success).
[2023-12-01 12:33:48.265161] Outputs match.
[2023-12-01 12:33:48.265191] Test passed.
[2023-12-01 12:33:48.265207] Running Score: 9/10

[2023-12-01 12:33:48.265349] Evaluating partind2.spl with the submitted solution.
[2023-12-01 12:33:48.638088] Test subject results match (Success).
[2023-12-01 12:33:48.641066] Outputs match.
[2023-12-01 12:33:48.641101] Test passed.
[2023-12-01 12:33:48.641118] Running Score: 10/11

[2023-12-01 12:33:48.641142] Evaluating queens.spl with the submitted solution.
[2023-12-01 12:33:49.012721] Test subject results match (Success).
[2023-12-01 12:33:49.015387] Outputs match.
[2023-12-01 12:33:49.015939] Test passed.
[2023-12-01 12:33:49.015966] Running Score: 11/12

[2023-12-01 12:33:49.015990] Evaluating reftest.spl with the submitted solution.
[2023-12-01 12:33:49.302287] Test subject results match (Success).
[2023-12-01 12:33:49.304832] Outputs match.
[2023-12-01 12:33:49.304868] Test passed.
[2023-12-01 12:33:49.304884] Running Score: 12/13

[2023-12-01 12:33:49.305277] Evaluating sierpinski.spl with the submitted solution.
[2023-12-01 12:33:49.748728] Test subject results match (Success).
[2023-12-01 12:33:49.752118] Outputs match.
[2023-12-01 12:33:49.752159] Test passed.
[2023-12-01 12:33:49.752176] Running Score: 13/14

[2023-12-01 12:33:49.752201] Evaluating swap.spl with the submitted solution.
[2023-12-01 12:33:50.063894] Test subject results match (Success).
[2023-12-01 12:33:50.066597] Outputs match.
[2023-12-01 12:33:50.066765] Test passed.
[2023-12-01 12:33:50.066792] Running Score: 14/15

[2023-12-01 12:33:50.066964] Evaluating test1.spl with the submitted solution.
[2023-12-01 12:33:50.356757] Test subject results match (Success).
[2023-12-01 12:33:50.359420] Outputs match.
[2023-12-01 12:33:50.359456] Test passed.
[2023-12-01 12:33:50.359472] Running Score: 15/16

[2023-12-01 12:33:50.359497] Evaluating test2.spl with the submitted solution.
[2023-12-01 12:33:50.660002] Test subject results match (Success).
[2023-12-01 12:33:50.662254] Outputs match.
[2023-12-01 12:33:50.662829] Test passed.
[2023-12-01 12:33:50.662857] Running Score: 16/17

[2023-12-01 12:33:50.662882] Evaluating test3.spl with the submitted solution.
[2023-12-01 12:33:51.037292] Test subject results match (Success).
[2023-12-01 12:33:51.039673] Outputs match.
[2023-12-01 12:33:51.039941] Test passed.
[2023-12-01 12:33:51.039965] Running Score: 17/18

[2023-12-01 12:33:51.039988] Evaluating test4.spl with the submitted solution.
[2023-12-01 12:33:51.363402] Test subject results match (Success).
[2023-12-01 12:33:51.366071] Outputs match.
[2023-12-01 12:33:51.366099] Test passed.
[2023-12-01 12:33:51.366113] Running Score: 18/19

[2023-12-01 12:33:51.366136] Evaluating test5.spl with the submitted solution.
[2023-12-01 12:33:51.671913] Test subject results match (Success).
[2023-12-01 12:33:51.674537] Outputs match.
[2023-12-01 12:33:51.674572] Test passed.
[2023-12-01 12:33:51.674592] Running Score: 19/20

[2023-12-01 12:33:51.674620] Evaluating test7.spl with the submitted solution.
[2023-12-01 12:33:51.976295] Test subject results match (Success).
[2023-12-01 12:33:51.978935] Outputs match.
[2023-12-01 12:33:51.978965] Test passed.
[2023-12-01 12:33:51.978979] Running Score: 20/21

[2023-12-01 12:33:51.979002] Evaluating test8.spl with the submitted solution.
[2023-12-01 12:33:52.342815] Test subject results match (Success).
[2023-12-01 12:33:52.345383] Outputs match.
[2023-12-01 12:33:52.345531] Test passed.
[2023-12-01 12:33:52.346180] Running Score: 21/22

[2023-12-01 12:33:52.346212] Evaluating test9.spl with the submitted solution.
[2023-12-01 12:33:52.640453] Test subject results match (Success).
[2023-12-01 12:33:52.643930] Outputs match.
[2023-12-01 12:33:52.643960] Test passed.
[2023-12-01 12:33:52.643977] Running Score: 22/23

[2023-12-01 12:33:52.644001] Evaluating threedim.spl with the submitted solution.
[2023-12-01 12:33:53.004913] Test subject results match (Success).
[2023-12-01 12:33:53.007780] Outputs match.
[2023-12-01 12:33:53.007819] Test passed.
[2023-12-01 12:33:53.007836] Running Score: 23/24

[2023-12-01 12:33:53.007858] Evaluating time.spl with the submitted solution.
[2023-12-01 12:33:53.305763] Test subject results match (Success).
[2023-12-01 12:33:53.308318] Outputs match.
[2023-12-01 12:33:53.308346] Test passed.
[2023-12-01 12:33:53.308362] Running Score: 24/25

[2023-12-01 12:33:53.308386] Evaluating trailing_argument_comma.spl with the submitted solution.
[2023-12-01 12:33:53.635878] Test subject results match (Compiler Failure).
[2023-12-01 12:33:53.635912] Exit code matches the expected exit code (100).
[2023-12-01 12:33:53.635936] Test passed.
[2023-12-01 12:33:53.635951] Running Score: 25/26

[2023-12-01 12:33:53.635974] Evaluating trailing_parameter_comma.spl with the submitted solution.
[2023-12-01 12:33:53.949249] Test subject results match (Compiler Failure).
[2023-12-01 12:33:53.949284] Exit code matches the expected exit code (100).
[2023-12-01 12:33:53.949308] Test passed.
[2023-12-01 12:33:53.949322] Running Score: 26/27

[2023-12-01 12:33:53.949345] Evaluating twodim.spl with the submitted solution.
[2023-12-01 12:33:54.279814] Test subject results match (Success).
[2023-12-01 12:33:54.282401] Outputs match.
[2023-12-01 12:33:54.282868] Test passed.
[2023-12-01 12:33:54.282894] Running Score: 27/28

[2023-12-01 12:33:54.282918] Evaluating unary_plus.spl with the submitted solution.
[2023-12-01 12:33:54.606464] Test subject results match (Compiler Failure).
[2023-12-01 12:33:54.606497] Exit code matches the expected exit code (100).
[2023-12-01 12:33:54.606520] Test passed.
[2023-12-01 12:33:54.606534] Running Score: 28/29

[2023-12-01 12:33:54.606567] Final score: 28/29 (96%). 
[2023-12-01 12:33:54.606667] 100% are needed to pass.
[2023-12-01 12:34:04.853084] You have NOT PASSED this assignment.
[2023-12-01 12:34:04.853364] You can try again. Deadline: 01.12.2023 23:59

[2023-12-01 12:34:09.552439] === END Evaluation Log
[2023-12-01 12:34:09.552535] NOTE: This evaluation log is also available at '/home/kevin/Dokumente/Compilerbau/spl-compiler-skeleton/.submitscript/data/assignments/Aufgabe-1/submissions/[evaluated] b802dcc1-ee82-4bbd-bcb0-6f6f91a35179/evaluation.log'
[2023-12-01 12:34:09.552642] 
